<?xml version="1.0" encoding="UTF-8"?>
<testsuite xmlns:xsi="http://www.w3.org/2001/XMLSchema-instance" xsi:noNamespaceSchemaLocation="https://maven.apache.org/surefire/maven-surefire-plugin/xsd/surefire-test-report-3.0.xsd" version="3.0" name="FooTest" time="10.364" tests="2" errors="0" skipped="0" failures="0">
  <properties>
[...]
</properties>
  <testcase name="databaseTest" classname="FooTest" time="1.339">
    <system-out><![CDATA[beforeall - initlised webdriver
***

databaseTest test called
***

Driver name: Microsoft JDBC Driver 8.2 for SQL Server
Driver version: 8.2.2.0
Product name: Microsoft SQL Server
Product version: 15.00.2070
Firstname: David     
Surname: Wong      
Firstname: Jack      
Surname: Smith     
Firstname: James     
Surname: Orange    
Firstname: Lewis     
Surname: Hamiton   
Firstname: Max       
Surname: Verstappen
AfterEach
]]></system-out>
    <system-err><![CDATA[Starting ChromeDriver 83.0.4103.39 (ccbf011cb2d2b19b506d844400483861342c20cd-refs/branch-heads/4103@{#416}) on port 42498
Only local connections are allowed.
Please see https://chromedriver.chromium.org/security-considerations for suggestions on keeping ChromeDriver safe.
ChromeDriver was started successfully.
Jun 29, 2020 4:18:59 PM org.openqa.selenium.remote.ProtocolHandshake createSession
INFO: Detected dialect: W3C
]]></system-err>
  </testcase>
  <testcase name="gotoGoogle" classname="FooTest" time="3.973">
    <system-out><![CDATA[***

gotoGoogle test called
***

AfterEach
]]></system-out>
  </testcase>
</testsuite>